2025-03-26 19:34:06:346 [itmupg9uh6p] http: POST /api/auth/login
Data: {
  "method": "POST",
  "url": "/api/auth/login",
  "params": {},
  "query": {},
  "ip": "::ffff:127.0.0.1",
  "userAgent": "insomnia/11.0.0"
}
2025-03-26 19:34:07:347 debug: Login attempt
2025-03-26 19:34:07:347 info: Login attempt
2025-03-26 19:34:08:348 debug: Access token generated
2025-03-26 19:34:08:348 debug: Refresh token generated
2025-03-26 19:34:08:348 debug: Refresh token stored in Redis
2025-03-26 19:34:08:348 info: User logged in successfully
2025-03-26 19:34:08:348 info: User logged in successfully
2025-03-26 19:34:08:348 [itmupg9uh6p] http: POST /login 200 - 2089ms
Data: {
  "statusCode": 200,
  "duration": 2089
}
2025-03-26 19:59:31:5931 info: Initializing application
2025-03-26 19:59:31:5931 info: Starting server initialization
2025-03-26 19:59:31:5931 debug: Connecting to database
2025-03-26 19:59:32:5932 info: Database connection established successfully
2025-03-26 19:59:32:5932 debug: Initializing Redis client
2025-03-26 19:59:32:5932 info: Redis client initialized successfully
2025-03-26 19:59:32:5932 info: Server started successfully
2025-03-26 20:01:16:116 [06g71ywov0ct] http: POST /api/auth/login
Data: {
  "method": "POST",
  "url": "/api/auth/login",
  "params": {},
  "query": {},
  "ip": "::ffff:127.0.0.1",
  "userAgent": "insomnia/11.0.0"
}
2025-03-26 20:01:16:116 debug: Login attempt
2025-03-26 20:01:16:116 info: Login attempt
2025-03-26 20:01:17:117 warn: Login failed: invalid password
2025-03-26 20:01:17:117 error: Login error
Error: Invalid password
    at loginUser (file:///D:/PernProjects/pern-financial-management/src/services/authService.js:142:11)
    at async login (file:///D:/PernProjects/pern-financial-management/src/controllers/authController.js:122:25)
2025-03-26 20:01:17:117 [06g71ywov0ct] warn: POST /login 401 - 1605ms
Data: {
  "statusCode": 401,
  "duration": 1605
}
2025-03-26 20:01:28:128 [daf6xwksk0c] http: POST /api/auth/login
Data: {
  "method": "POST",
  "url": "/api/auth/login",
  "params": {},
  "query": {},
  "ip": "::ffff:127.0.0.1",
  "userAgent": "insomnia/11.0.0"
}
2025-03-26 20:01:28:128 debug: Login attempt
2025-03-26 20:01:28:128 info: Login attempt
2025-03-26 20:01:28:128 debug: Access token generated
2025-03-26 20:01:28:128 debug: Refresh token generated
2025-03-26 20:01:28:128 debug: Refresh token stored in Redis
2025-03-26 20:01:28:128 info: User logged in successfully
2025-03-26 20:01:28:128 info: User logged in successfully
2025-03-26 20:01:28:128 [daf6xwksk0c] http: POST /login 200 - 375ms
Data: {
  "statusCode": 200,
  "duration": 375
}
