{"level":"info","message":"Initializing application","nodeEnv":"development","port":"5000","timestamp":"2025-03-27 10:50:31:5031"}
{"level":"info","message":"Starting server initialization","timestamp":"2025-03-27 10:50:31:5031"}
{"level":"debug","message":"Connecting to database","timestamp":"2025-03-27 10:50:31:5031"}
{"level":"info","message":"Database connection established successfully","timestamp":"2025-03-27 10:50:34:5034"}
{"level":"debug","message":"Initializing Redis client","timestamp":"2025-03-27 10:50:34:5034"}
{"level":"info","message":"Redis client initialized successfully","timestamp":"2025-03-27 10:50:34:5034"}
{"apiUrl":"http://localhost:5000","environment":"development","level":"info","message":"Server started successfully","port":"5000","timestamp":"2025-03-27 10:50:34:5034"}
{"level":"info","message":"Initializing application","nodeEnv":"development","port":"5000","timestamp":"2025-03-27 10:50:49:5049"}
{"level":"info","message":"Starting server initialization","timestamp":"2025-03-27 10:50:49:5049"}
{"level":"debug","message":"Connecting to database","timestamp":"2025-03-27 10:50:49:5049"}
{"level":"info","message":"Database connection established successfully","timestamp":"2025-03-27 10:50:50:5050"}
{"level":"debug","message":"Initializing Redis client","timestamp":"2025-03-27 10:50:50:5050"}
{"level":"info","message":"Redis client initialized successfully","timestamp":"2025-03-27 10:50:50:5050"}
{"apiUrl":"http://localhost:5000","environment":"development","level":"info","message":"Server started successfully","port":"5000","timestamp":"2025-03-27 10:50:50:5050"}
{"level":"info","message":"Initializing application","nodeEnv":"development","port":"5000","timestamp":"2025-03-27 10:50:55:5055"}
{"level":"info","message":"Starting server initialization","timestamp":"2025-03-27 10:50:55:5055"}
{"level":"debug","message":"Connecting to database","timestamp":"2025-03-27 10:50:55:5055"}
{"level":"info","message":"Database connection established successfully","timestamp":"2025-03-27 10:50:55:5055"}
{"level":"debug","message":"Initializing Redis client","timestamp":"2025-03-27 10:50:55:5055"}
{"level":"info","message":"Redis client initialized successfully","timestamp":"2025-03-27 10:50:55:5055"}
{"apiUrl":"http://localhost:5000","environment":"development","level":"info","message":"Server started successfully","port":"5000","timestamp":"2025-03-27 10:50:55:5055"}
{"level":"info","message":"Initializing application","nodeEnv":"development","port":"5000","timestamp":"2025-03-27 10:52:35:5235"}
{"level":"info","message":"Starting server initialization","timestamp":"2025-03-27 10:52:35:5235"}
{"level":"debug","message":"Connecting to database","timestamp":"2025-03-27 10:52:35:5235"}
{"level":"info","message":"Database connection established successfully","timestamp":"2025-03-27 10:52:35:5235"}
{"level":"debug","message":"Initializing Redis client","timestamp":"2025-03-27 10:52:35:5235"}
{"level":"info","message":"Redis client initialized successfully","timestamp":"2025-03-27 10:52:35:5235"}
{"apiUrl":"http://localhost:5000","environment":"development","level":"info","message":"Server started successfully","port":"5000","timestamp":"2025-03-27 10:52:35:5235"}
{"level":"info","message":"Initializing application","nodeEnv":"development","port":"5000","timestamp":"2025-03-27 11:00:07:07"}
{"level":"info","message":"Starting server initialization","timestamp":"2025-03-27 11:00:07:07"}
{"level":"debug","message":"Connecting to database","timestamp":"2025-03-27 11:00:07:07"}
{"level":"info","message":"Database connection established successfully","timestamp":"2025-03-27 11:00:07:07"}
{"level":"debug","message":"Initializing Redis client","timestamp":"2025-03-27 11:00:07:07"}
{"level":"info","message":"Redis client initialized successfully","timestamp":"2025-03-27 11:00:07:07"}
{"apiUrl":"http://localhost:5000","environment":"development","level":"info","message":"Server started successfully","port":"5000","timestamp":"2025-03-27 11:00:07:07"}
{"level":"info","message":"Initializing application","nodeEnv":"development","port":"5000","timestamp":"2025-03-27 11:00:53:053"}
{"level":"info","message":"Starting server initialization","timestamp":"2025-03-27 11:00:53:053"}
{"level":"debug","message":"Connecting to database","timestamp":"2025-03-27 11:00:53:053"}
{"level":"info","message":"Database connection established successfully","timestamp":"2025-03-27 11:00:53:053"}
{"level":"debug","message":"Initializing Redis client","timestamp":"2025-03-27 11:00:53:053"}
{"level":"info","message":"Redis client initialized successfully","timestamp":"2025-03-27 11:00:53:053"}
{"apiUrl":"http://localhost:5000","environment":"development","level":"info","message":"Server started successfully","port":"5000","timestamp":"2025-03-27 11:00:53:053"}
{"level":"info","message":"Initializing application","nodeEnv":"development","port":"5000","timestamp":"2025-03-27 11:01:07:17"}
{"level":"info","message":"Starting server initialization","timestamp":"2025-03-27 11:01:07:17"}
{"level":"debug","message":"Connecting to database","timestamp":"2025-03-27 11:01:07:17"}
{"level":"info","message":"Database connection established successfully","timestamp":"2025-03-27 11:01:07:17"}
{"level":"debug","message":"Initializing Redis client","timestamp":"2025-03-27 11:01:07:17"}
{"level":"info","message":"Redis client initialized successfully","timestamp":"2025-03-27 11:01:07:17"}
{"apiUrl":"http://localhost:5000","environment":"development","level":"info","message":"Server started successfully","port":"5000","timestamp":"2025-03-27 11:01:07:17"}
{"level":"info","message":"Initializing application","nodeEnv":"development","port":"5000","timestamp":"2025-03-27 11:01:10:110"}
{"level":"info","message":"Starting server initialization","timestamp":"2025-03-27 11:01:10:110"}
{"level":"debug","message":"Connecting to database","timestamp":"2025-03-27 11:01:10:110"}
{"level":"info","message":"Database connection established successfully","timestamp":"2025-03-27 11:01:10:110"}
{"level":"debug","message":"Initializing Redis client","timestamp":"2025-03-27 11:01:10:110"}
{"level":"info","message":"Redis client initialized successfully","timestamp":"2025-03-27 11:01:10:110"}
{"apiUrl":"http://localhost:5000","environment":"development","level":"info","message":"Server started successfully","port":"5000","timestamp":"2025-03-27 11:01:10:110"}
{"level":"info","message":"Initializing application","nodeEnv":"development","port":"5000","timestamp":"2025-03-27 11:01:36:136"}
{"level":"info","message":"Starting server initialization","timestamp":"2025-03-27 11:01:36:136"}
{"level":"debug","message":"Connecting to database","timestamp":"2025-03-27 11:01:36:136"}
{"level":"info","message":"Database connection established successfully","timestamp":"2025-03-27 11:01:36:136"}
{"level":"debug","message":"Initializing Redis client","timestamp":"2025-03-27 11:01:36:136"}
{"level":"info","message":"Redis client initialized successfully","timestamp":"2025-03-27 11:01:36:136"}
{"apiUrl":"http://localhost:5000","environment":"development","level":"info","message":"Server started successfully","port":"5000","timestamp":"2025-03-27 11:01:36:136"}
{"level":"info","message":"Initializing application","nodeEnv":"development","port":"5000","timestamp":"2025-03-27 11:01:38:138"}
{"level":"info","message":"Starting server initialization","timestamp":"2025-03-27 11:01:38:138"}
{"level":"debug","message":"Connecting to database","timestamp":"2025-03-27 11:01:38:138"}
{"level":"info","message":"Database connection established successfully","timestamp":"2025-03-27 11:01:38:138"}
{"level":"debug","message":"Initializing Redis client","timestamp":"2025-03-27 11:01:38:138"}
{"level":"info","message":"Redis client initialized successfully","timestamp":"2025-03-27 11:01:38:138"}
{"apiUrl":"http://localhost:5000","environment":"development","level":"info","message":"Server started successfully","port":"5000","timestamp":"2025-03-27 11:01:38:138"}
{"level":"info","message":"Initializing application","nodeEnv":"development","port":"5000","timestamp":"2025-03-27 11:01:55:155"}
{"level":"info","message":"Starting server initialization","timestamp":"2025-03-27 11:01:55:155"}
{"level":"debug","message":"Connecting to database","timestamp":"2025-03-27 11:01:55:155"}
{"level":"info","message":"Database connection established successfully","timestamp":"2025-03-27 11:01:56:156"}
{"level":"debug","message":"Initializing Redis client","timestamp":"2025-03-27 11:01:56:156"}
{"level":"info","message":"Redis client initialized successfully","timestamp":"2025-03-27 11:01:56:156"}
{"apiUrl":"http://localhost:5000","environment":"development","level":"info","message":"Server started successfully","port":"5000","timestamp":"2025-03-27 11:01:56:156"}
{"level":"info","message":"Initializing application","nodeEnv":"development","port":"5000","timestamp":"2025-03-27 11:02:15:215"}
{"level":"info","message":"Starting server initialization","timestamp":"2025-03-27 11:02:15:215"}
{"level":"debug","message":"Connecting to database","timestamp":"2025-03-27 11:02:15:215"}
{"level":"info","message":"Database connection established successfully","timestamp":"2025-03-27 11:02:15:215"}
{"level":"debug","message":"Initializing Redis client","timestamp":"2025-03-27 11:02:15:215"}
{"level":"info","message":"Redis client initialized successfully","timestamp":"2025-03-27 11:02:15:215"}
{"apiUrl":"http://localhost:5000","environment":"development","level":"info","message":"Server started successfully","port":"5000","timestamp":"2025-03-27 11:02:15:215"}
{"level":"info","message":"Initializing application","nodeEnv":"development","port":"5000","timestamp":"2025-03-27 11:02:18:218"}
{"level":"info","message":"Starting server initialization","timestamp":"2025-03-27 11:02:18:218"}
{"level":"debug","message":"Connecting to database","timestamp":"2025-03-27 11:02:18:218"}
{"level":"info","message":"Database connection established successfully","timestamp":"2025-03-27 11:02:19:219"}
{"level":"debug","message":"Initializing Redis client","timestamp":"2025-03-27 11:02:19:219"}
{"level":"info","message":"Redis client initialized successfully","timestamp":"2025-03-27 11:02:19:219"}
{"apiUrl":"http://localhost:5000","environment":"development","level":"info","message":"Server started successfully","port":"5000","timestamp":"2025-03-27 11:02:19:219"}
{"level":"info","message":"Initializing application","nodeEnv":"development","port":"5000","timestamp":"2025-03-27 11:02:22:222"}
{"level":"info","message":"Starting server initialization","timestamp":"2025-03-27 11:02:22:222"}
{"level":"debug","message":"Connecting to database","timestamp":"2025-03-27 11:02:22:222"}
{"level":"info","message":"Database connection established successfully","timestamp":"2025-03-27 11:02:22:222"}
{"level":"debug","message":"Initializing Redis client","timestamp":"2025-03-27 11:02:22:222"}
{"level":"info","message":"Redis client initialized successfully","timestamp":"2025-03-27 11:02:22:222"}
{"apiUrl":"http://localhost:5000","environment":"development","level":"info","message":"Server started successfully","port":"5000","timestamp":"2025-03-27 11:02:22:222"}
{"level":"info","message":"Initializing application","nodeEnv":"development","port":"5000","timestamp":"2025-03-27 11:02:30:230"}
{"level":"info","message":"Starting server initialization","timestamp":"2025-03-27 11:02:30:230"}
{"level":"debug","message":"Connecting to database","timestamp":"2025-03-27 11:02:30:230"}
{"level":"info","message":"Database connection established successfully","timestamp":"2025-03-27 11:02:30:230"}
{"level":"debug","message":"Initializing Redis client","timestamp":"2025-03-27 11:02:30:230"}
{"level":"info","message":"Redis client initialized successfully","timestamp":"2025-03-27 11:02:30:230"}
{"apiUrl":"http://localhost:5000","environment":"development","level":"info","message":"Server started successfully","port":"5000","timestamp":"2025-03-27 11:02:31:231"}
{"level":"info","message":"Initializing application","nodeEnv":"development","port":"5000","timestamp":"2025-03-27 11:02:35:235"}
{"level":"info","message":"Starting server initialization","timestamp":"2025-03-27 11:02:35:235"}
{"level":"debug","message":"Connecting to database","timestamp":"2025-03-27 11:02:35:235"}
{"level":"info","message":"Database connection established successfully","timestamp":"2025-03-27 11:02:35:235"}
{"level":"debug","message":"Initializing Redis client","timestamp":"2025-03-27 11:02:35:235"}
{"level":"info","message":"Redis client initialized successfully","timestamp":"2025-03-27 11:02:35:235"}
{"apiUrl":"http://localhost:5000","environment":"development","level":"info","message":"Server started successfully","port":"5000","timestamp":"2025-03-27 11:02:35:235"}
{"level":"info","message":"Initializing application","nodeEnv":"development","port":"5000","timestamp":"2025-03-27 11:02:56:256"}
{"level":"info","message":"Starting server initialization","timestamp":"2025-03-27 11:02:56:256"}
{"level":"debug","message":"Connecting to database","timestamp":"2025-03-27 11:02:56:256"}
{"level":"info","message":"Database connection established successfully","timestamp":"2025-03-27 11:02:56:256"}
{"level":"debug","message":"Initializing Redis client","timestamp":"2025-03-27 11:02:56:256"}
{"level":"info","message":"Redis client initialized successfully","timestamp":"2025-03-27 11:02:56:256"}
{"apiUrl":"http://localhost:5000","environment":"development","level":"info","message":"Server started successfully","port":"5000","timestamp":"2025-03-27 11:02:56:256"}
{"level":"info","message":"Initializing application","nodeEnv":"development","port":"5000","timestamp":"2025-03-27 11:03:52:352"}
{"level":"info","message":"Starting server initialization","timestamp":"2025-03-27 11:03:52:352"}
{"level":"debug","message":"Connecting to database","timestamp":"2025-03-27 11:03:52:352"}
{"level":"info","message":"Database connection established successfully","timestamp":"2025-03-27 11:03:52:352"}
{"level":"debug","message":"Initializing Redis client","timestamp":"2025-03-27 11:03:52:352"}
{"level":"info","message":"Redis client initialized successfully","timestamp":"2025-03-27 11:03:52:352"}
{"apiUrl":"http://localhost:5000","environment":"development","level":"info","message":"Server started successfully","port":"5000","timestamp":"2025-03-27 11:03:52:352"}
{"level":"info","message":"Initializing application","nodeEnv":"development","port":"5000","timestamp":"2025-03-27 11:04:09:49"}
{"level":"info","message":"Starting server initialization","timestamp":"2025-03-27 11:04:09:49"}
{"level":"debug","message":"Connecting to database","timestamp":"2025-03-27 11:04:09:49"}
{"level":"info","message":"Database connection established successfully","timestamp":"2025-03-27 11:04:10:410"}
{"level":"debug","message":"Initializing Redis client","timestamp":"2025-03-27 11:04:10:410"}
{"level":"info","message":"Redis client initialized successfully","timestamp":"2025-03-27 11:04:10:410"}
{"apiUrl":"http://localhost:5000","environment":"development","level":"info","message":"Server started successfully","port":"5000","timestamp":"2025-03-27 11:04:10:410"}
{"level":"info","message":"Initializing application","nodeEnv":"development","port":"5000","timestamp":"2025-03-27 11:04:17:417"}
{"level":"info","message":"Starting server initialization","timestamp":"2025-03-27 11:04:17:417"}
{"level":"debug","message":"Connecting to database","timestamp":"2025-03-27 11:04:17:417"}
{"level":"info","message":"Database connection established successfully","timestamp":"2025-03-27 11:04:17:417"}
{"level":"debug","message":"Initializing Redis client","timestamp":"2025-03-27 11:04:17:417"}
{"level":"info","message":"Redis client initialized successfully","timestamp":"2025-03-27 11:04:17:417"}
{"apiUrl":"http://localhost:5000","environment":"development","level":"info","message":"Server started successfully","port":"5000","timestamp":"2025-03-27 11:04:17:417"}
{"level":"info","message":"Initializing application","nodeEnv":"development","port":"5000","timestamp":"2025-03-27 11:04:21:421"}
{"level":"info","message":"Starting server initialization","timestamp":"2025-03-27 11:04:21:421"}
{"level":"debug","message":"Connecting to database","timestamp":"2025-03-27 11:04:21:421"}
{"level":"info","message":"Database connection established successfully","timestamp":"2025-03-27 11:04:21:421"}
{"level":"debug","message":"Initializing Redis client","timestamp":"2025-03-27 11:04:21:421"}
{"level":"info","message":"Redis client initialized successfully","timestamp":"2025-03-27 11:04:21:421"}
{"apiUrl":"http://localhost:5000","environment":"development","level":"info","message":"Server started successfully","port":"5000","timestamp":"2025-03-27 11:04:21:421"}
{"level":"info","message":"Initializing application","nodeEnv":"development","port":"5000","timestamp":"2025-03-27 11:04:28:428"}
{"level":"info","message":"Starting server initialization","timestamp":"2025-03-27 11:04:28:428"}
{"level":"debug","message":"Connecting to database","timestamp":"2025-03-27 11:04:28:428"}
{"level":"info","message":"Database connection established successfully","timestamp":"2025-03-27 11:04:28:428"}
{"level":"debug","message":"Initializing Redis client","timestamp":"2025-03-27 11:04:28:428"}
{"level":"info","message":"Redis client initialized successfully","timestamp":"2025-03-27 11:04:28:428"}
{"apiUrl":"http://localhost:5000","environment":"development","level":"info","message":"Server started successfully","port":"5000","timestamp":"2025-03-27 11:04:28:428"}
{"level":"info","message":"Initializing application","nodeEnv":"development","port":"5000","timestamp":"2025-03-27 11:04:35:435"}
{"level":"info","message":"Starting server initialization","timestamp":"2025-03-27 11:04:35:435"}
{"level":"debug","message":"Connecting to database","timestamp":"2025-03-27 11:04:35:435"}
{"level":"info","message":"Database connection established successfully","timestamp":"2025-03-27 11:04:35:435"}
{"level":"debug","message":"Initializing Redis client","timestamp":"2025-03-27 11:04:35:435"}
{"level":"info","message":"Redis client initialized successfully","timestamp":"2025-03-27 11:04:35:435"}
{"apiUrl":"http://localhost:5000","environment":"development","level":"info","message":"Server started successfully","port":"5000","timestamp":"2025-03-27 11:04:35:435"}
{"level":"info","message":"Application started asynchronously","timestamp":"2025-03-27 11:05:05:55"}
{"level":"info","message":"Initializing application","nodeEnv":"development","port":"5000","timestamp":"2025-03-27 11:05:05:55"}
{"level":"info","message":"Starting server initialization","timestamp":"2025-03-27 11:05:05:55"}
{"level":"debug","message":"Connecting to database","timestamp":"2025-03-27 11:05:05:55"}
{"level":"info","message":"Server running on port 5000","timestamp":"2025-03-27 11:05:05:55"}
{"level":"info","message":"Database connection established successfully","timestamp":"2025-03-27 11:05:05:55"}
{"level":"info","message":"Application started asynchronously","timestamp":"2025-03-27 11:05:42:542"}
{"level":"info","message":"Initializing application","nodeEnv":"development","port":"5000","timestamp":"2025-03-27 11:05:42:542"}
{"level":"info","message":"Starting server initialization","timestamp":"2025-03-27 11:05:42:542"}
{"level":"debug","message":"Connecting to database","timestamp":"2025-03-27 11:05:42:542"}
{"level":"info","message":"Server running on port 5000","timestamp":"2025-03-27 11:05:42:542"}
{"level":"info","message":"Database connection established successfully","timestamp":"2025-03-27 11:05:43:543"}
{"level":"info","message":"Application started asynchronously","timestamp":"2025-03-27 11:06:17:617"}
{"level":"info","message":"Initializing application","nodeEnv":"development","port":"5000","timestamp":"2025-03-27 11:06:17:617"}
{"level":"info","message":"Starting server initialization","timestamp":"2025-03-27 11:06:17:617"}
{"level":"debug","message":"Connecting to database","timestamp":"2025-03-27 11:06:17:617"}
{"level":"info","message":"Database connection established successfully","timestamp":"2025-03-27 11:06:18:618"}
{"level":"debug","message":"Initializing Redis client","timestamp":"2025-03-27 11:06:18:618"}
{"level":"info","message":"Redis client initialized successfully","timestamp":"2025-03-27 11:06:18:618"}
{"apiUrl":"http://localhost:5000","environment":"development","level":"info","message":"Server started successfully","port":"5000","timestamp":"2025-03-27 11:06:18:618"}
{"level":"info","message":"Application started asynchronously","timestamp":"2025-03-27 11:06:20:620"}
{"level":"info","message":"Initializing application","nodeEnv":"development","port":"5000","timestamp":"2025-03-27 11:06:20:620"}
{"level":"info","message":"Starting server initialization","timestamp":"2025-03-27 11:06:20:620"}
{"level":"debug","message":"Connecting to database","timestamp":"2025-03-27 11:06:20:620"}
{"level":"info","message":"Database connection established successfully","timestamp":"2025-03-27 11:06:20:620"}
{"level":"debug","message":"Initializing Redis client","timestamp":"2025-03-27 11:06:20:620"}
{"level":"info","message":"Redis client initialized successfully","timestamp":"2025-03-27 11:06:20:620"}
{"apiUrl":"http://localhost:5000","environment":"development","level":"info","message":"Server started successfully","port":"5000","timestamp":"2025-03-27 11:06:20:620"}
{"level":"info","message":"Application started asynchronously","timestamp":"2025-03-27 11:06:29:629"}
{"level":"error","message":"Sample error message","meta":"additional data","timestamp":"2025-03-27 11:06:29:629"}
{"level":"info","message":"Initializing application","nodeEnv":"development","port":"5000","timestamp":"2025-03-27 11:06:29:629"}
{"level":"info","message":"Starting server initialization","timestamp":"2025-03-27 11:06:29:629"}
{"level":"debug","message":"Connecting to database","timestamp":"2025-03-27 11:06:29:629"}
{"level":"info","message":"Database connection established successfully","timestamp":"2025-03-27 11:06:29:629"}
{"level":"debug","message":"Initializing Redis client","timestamp":"2025-03-27 11:06:29:629"}
{"level":"info","message":"Redis client initialized successfully","timestamp":"2025-03-27 11:06:29:629"}
{"apiUrl":"http://localhost:5000","environment":"development","level":"info","message":"Server started successfully","port":"5000","timestamp":"2025-03-27 11:06:29:629"}
{"level":"info","message":"Application started asynchronously","timestamp":"2025-03-27 11:09:45:945"}
{"level":"error","message":"Sample error message","meta":"additional data","timestamp":"2025-03-27 11:09:45:945"}
{"level":"info","message":"Initializing application","nodeEnv":"development","port":"5000","timestamp":"2025-03-27 11:09:45:945"}
{"level":"info","message":"Starting server initialization","timestamp":"2025-03-27 11:09:45:945"}
{"level":"debug","message":"Connecting to database","timestamp":"2025-03-27 11:09:45:945"}
{"level":"info","message":"Database connection established successfully","timestamp":"2025-03-27 11:09:45:945"}
{"level":"debug","message":"Initializing Redis client","timestamp":"2025-03-27 11:09:45:945"}
{"level":"info","message":"Redis client initialized successfully","timestamp":"2025-03-27 11:09:45:945"}
{"apiUrl":"http://localhost:5000","environment":"development","level":"info","message":"Server started successfully","port":"5000","timestamp":"2025-03-27 11:09:45:945"}
{"level":"info","message":"Application started asynchronously","timestamp":"2025-03-27 11:10:09:109"}
{"level":"error","message":"Sample error message","meta":"additional data","timestamp":"2025-03-27 11:10:09:109"}
{"level":"info","message":"Initializing application","nodeEnv":"development","port":"5000","timestamp":"2025-03-27 11:10:09:109"}
{"level":"info","message":"Starting server initialization","timestamp":"2025-03-27 11:10:09:109"}
{"level":"debug","message":"Connecting to database","timestamp":"2025-03-27 11:10:09:109"}
{"level":"info","message":"Database connection established successfully","timestamp":"2025-03-27 11:10:09:109"}
{"level":"debug","message":"Initializing Redis client","timestamp":"2025-03-27 11:10:09:109"}
{"level":"info","message":"Redis client initialized successfully","timestamp":"2025-03-27 11:10:09:109"}
{"apiUrl":"http://localhost:5000","environment":"development","level":"info","message":"Server started successfully","port":"5000","timestamp":"2025-03-27 11:10:10:1010"}
{"level":"info","message":"Application started asynchronously","timestamp":"2025-03-27 11:10:35:1035"}
{"level":"error","message":"Sample error message","meta":"additional data","timestamp":"2025-03-27 11:10:35:1035"}
{"level":"info","message":"Initializing application","nodeEnv":"development","port":"5000","timestamp":"2025-03-27 11:10:35:1035"}
{"level":"info","message":"Starting server initialization","timestamp":"2025-03-27 11:10:35:1035"}
{"level":"debug","message":"Connecting to database","timestamp":"2025-03-27 11:10:35:1035"}
{"level":"info","message":"Database connection established successfully","timestamp":"2025-03-27 11:10:35:1035"}
{"level":"debug","message":"Initializing Redis client","timestamp":"2025-03-27 11:10:35:1035"}
{"level":"info","message":"Redis client initialized successfully","timestamp":"2025-03-27 11:10:35:1035"}
{"apiUrl":"http://localhost:5000","environment":"development","level":"info","message":"Server started successfully","port":"5000","timestamp":"2025-03-27 11:10:35:1035"}
{"environment":"development","level":"info","message":"Initializing Express application","timestamp":"2025-03-27 11:10:55:1055"}
{"level":"info","message":"Application initialized with async logger","timestamp":"2025-03-27 11:10:55:1055"}
{"level":"info","message":"Initializing application","nodeEnv":"development","port":"5000","timestamp":"2025-03-27 11:10:55:1055"}
{"level":"info","message":"Starting server initialization","timestamp":"2025-03-27 11:10:55:1055"}
{"level":"debug","message":"Connecting to database","timestamp":"2025-03-27 11:10:55:1055"}
{"level":"info","message":"Database connection established successfully","timestamp":"2025-03-27 11:10:55:1055"}
{"level":"debug","message":"Initializing Redis client","timestamp":"2025-03-27 11:10:55:1055"}
{"level":"info","message":"Redis client initialized successfully","timestamp":"2025-03-27 11:10:55:1055"}
{"apiUrl":"http://localhost:5000","environment":"development","level":"info","message":"Server started successfully","port":"5000","timestamp":"2025-03-27 11:10:55:1055"}
{"environment":"development","level":"info","message":"Initializing Express application","timestamp":"2025-03-27 11:11:11:1111"}
{"level":"info","message":"Application initialized with async logger","timestamp":"2025-03-27 11:11:11:1111"}
{"level":"info","message":"Starting server initialization","timestamp":"2025-03-27 11:11:11:1111"}
{"level":"info","message":"Connecting to database","timestamp":"2025-03-27 11:11:11:1111"}
{"level":"info","message":"Database connection established successfully","timestamp":"2025-03-27 11:11:11:1111"}
{"level":"info","message":"Initializing Redis client","timestamp":"2025-03-27 11:11:11:1111"}
{"level":"info","message":"Redis client initialized successfully","timestamp":"2025-03-27 11:11:11:1111"}
{"apiUrl":"http://localhost:5000","environment":"development","level":"info","message":"Server started successfully","port":"5000","timestamp":"2025-03-27 11:11:11:1111"}
{"environment":"development","level":"info","message":"Initializing Express application","timestamp":"2025-03-27 11:15:04:154"}
{"level":"info","message":"Application initialized with async logger","timestamp":"2025-03-27 11:15:04:154"}
{"level":"info","message":"Starting server initialization","timestamp":"2025-03-27 11:15:04:154"}
{"level":"info","message":"Connecting to database","timestamp":"2025-03-27 11:15:04:154"}
{"level":"info","message":"Database connection established successfully","timestamp":"2025-03-27 11:15:04:154"}
{"level":"info","message":"Initializing Redis client","timestamp":"2025-03-27 11:15:04:154"}
{"level":"info","message":"Redis client initialized successfully","timestamp":"2025-03-27 11:15:04:154"}
{"apiUrl":"http://localhost:5000","environment":"development","level":"info","message":"Server started successfully","port":"5000","timestamp":"2025-03-27 11:15:04:154"}
{"environment":"development","level":"info","message":"Initializing Express application","timestamp":"2025-03-27 11:15:10:1510"}
{"level":"info","message":"Application initialized with async logger","timestamp":"2025-03-27 11:15:10:1510"}
{"level":"info","message":"Starting server initialization","timestamp":"2025-03-27 11:15:10:1510"}
{"level":"info","message":"Connecting to database","timestamp":"2025-03-27 11:15:10:1510"}
{"level":"info","message":"Database connection established successfully","timestamp":"2025-03-27 11:15:10:1510"}
{"level":"info","message":"Initializing Redis client","timestamp":"2025-03-27 11:15:10:1510"}
{"level":"info","message":"Redis client initialized successfully","timestamp":"2025-03-27 11:15:10:1510"}
{"apiUrl":"http://localhost:5000","environment":"development","level":"info","message":"Server started successfully","port":"5000","timestamp":"2025-03-27 11:15:11:1511"}
{"environment":"development","level":"info","message":"Initializing Express application","timestamp":"2025-03-27 11:15:13:1513"}
{"level":"info","message":"Application initialized with async logger","timestamp":"2025-03-27 11:15:13:1513"}
{"level":"info","message":"Starting server initialization","timestamp":"2025-03-27 11:15:13:1513"}
{"level":"info","message":"Connecting to database","timestamp":"2025-03-27 11:15:13:1513"}
{"level":"info","message":"Database connection established successfully","timestamp":"2025-03-27 11:15:13:1513"}
{"level":"info","message":"Initializing Redis client","timestamp":"2025-03-27 11:15:13:1513"}
{"level":"info","message":"Redis client initialized successfully","timestamp":"2025-03-27 11:15:13:1513"}
{"apiUrl":"http://localhost:5000","environment":"development","level":"info","message":"Server started successfully","port":"5000","timestamp":"2025-03-27 11:15:13:1513"}
{"environment":"development","level":"info","message":"Initializing Express application","timestamp":"2025-03-27 11:15:59:1559"}
{"level":"info","message":"Application initialized with async logger","timestamp":"2025-03-27 11:15:59:1559"}
{"level":"info","message":"Starting server initialization","timestamp":"2025-03-27 11:15:59:1559"}
{"level":"info","message":"Connecting to database","timestamp":"2025-03-27 11:15:59:1559"}
{"level":"info","message":"Database connection established successfully","timestamp":"2025-03-27 11:15:59:1559"}
{"level":"info","message":"Initializing Redis client","timestamp":"2025-03-27 11:15:59:1559"}
{"level":"info","message":"Redis client initialized successfully","timestamp":"2025-03-27 11:15:59:1559"}
{"apiUrl":"http://localhost:5000","environment":"development","level":"info","message":"Server started successfully","port":"5000","timestamp":"2025-03-27 11:15:59:1559"}
{"environment":"development","level":"info","message":"Initializing Express application","timestamp":"2025-03-27 11:18:50:1850"}
{"level":"info","message":"Application initialized with async logger","timestamp":"2025-03-27 11:18:50:1850"}
{"level":"info","message":"Starting server initialization","timestamp":"2025-03-27 11:18:50:1850"}
{"level":"info","message":"Connecting to database","timestamp":"2025-03-27 11:18:50:1850"}
{"level":"info","message":"Database connection established successfully","timestamp":"2025-03-27 11:18:50:1850"}
{"level":"info","message":"Initializing Redis client","timestamp":"2025-03-27 11:18:50:1850"}
{"level":"info","message":"Redis client initialized successfully","timestamp":"2025-03-27 11:18:50:1850"}
{"apiUrl":"http://localhost:5000","environment":"development","level":"info","message":"Server started successfully","port":"5000","timestamp":"2025-03-27 11:18:50:1850"}
{"environment":"development","level":"info","message":"Initializing Express application","timestamp":"2025-03-27 11:18:58:1858"}
{"level":"info","message":"Application initialized with async logger","timestamp":"2025-03-27 11:18:58:1858"}
{"level":"info","message":"Starting server initialization","timestamp":"2025-03-27 11:18:58:1858"}
{"level":"info","message":"Connecting to database","timestamp":"2025-03-27 11:18:58:1858"}
{"level":"info","message":"Database connection established successfully","timestamp":"2025-03-27 11:18:58:1858"}
{"level":"info","message":"Initializing Redis client","timestamp":"2025-03-27 11:18:58:1858"}
{"level":"info","message":"Redis client initialized successfully","timestamp":"2025-03-27 11:18:58:1858"}
{"apiUrl":"http://localhost:5000","environment":"development","level":"info","message":"Server started successfully","port":"5000","timestamp":"2025-03-27 11:18:58:1858"}
{"environment":"development","level":"info","message":"Initializing Express application","timestamp":"2025-03-27 11:21:35:2135"}
{"level":"info","message":"Application initialized with async logger","timestamp":"2025-03-27 11:21:35:2135"}
{"level":"info","message":"Starting server initialization","timestamp":"2025-03-27 11:21:35:2135"}
{"level":"info","message":"Connecting to database","timestamp":"2025-03-27 11:21:35:2135"}
{"level":"info","message":"Database connection established successfully","timestamp":"2025-03-27 11:21:35:2135"}
{"level":"info","message":"Initializing Redis client","timestamp":"2025-03-27 11:21:35:2135"}
{"level":"info","message":"Redis client initialized successfully","timestamp":"2025-03-27 11:21:35:2135"}
{"apiUrl":"http://localhost:5000","environment":"development","level":"info","message":"Server started successfully","port":"5000","timestamp":"2025-03-27 11:21:35:2135"}
{"environment":"development","level":"info","message":"Initializing Express application","timestamp":"2025-03-27 11:22:14:2214"}
{"level":"info","message":"Application initialized with async logger","timestamp":"2025-03-27 11:22:14:2214"}
{"level":"info","message":"Starting server initialization","timestamp":"2025-03-27 11:22:14:2214"}
{"level":"info","message":"Connecting to database","timestamp":"2025-03-27 11:22:14:2214"}
{"level":"info","message":"Database connection established successfully","timestamp":"2025-03-27 11:22:14:2214"}
{"level":"info","message":"Initializing Redis client","timestamp":"2025-03-27 11:22:14:2214"}
{"level":"info","message":"Redis client initialized successfully","timestamp":"2025-03-27 11:22:14:2214"}
{"apiUrl":"http://localhost:5000","environment":"development","level":"info","message":"Server started successfully","port":"5000","timestamp":"2025-03-27 11:22:14:2214"}
{"environment":"development","level":"info","message":"Initializing Express application","timestamp":"2025-03-27 11:22:23:2223"}
{"level":"info","message":"Application initialized with async logger","timestamp":"2025-03-27 11:22:23:2223"}
{"level":"info","message":"Starting server initialization","timestamp":"2025-03-27 11:22:23:2223"}
{"level":"info","message":"Connecting to database","timestamp":"2025-03-27 11:22:23:2223"}
{"level":"info","message":"Database connection established successfully","timestamp":"2025-03-27 11:22:23:2223"}
{"level":"info","message":"Initializing Redis client","timestamp":"2025-03-27 11:22:23:2223"}
{"level":"info","message":"Redis client initialized successfully","timestamp":"2025-03-27 11:22:23:2223"}
{"apiUrl":"http://localhost:5000","environment":"development","level":"info","message":"Server started successfully","port":"5000","timestamp":"2025-03-27 11:22:23:2223"}
{"environment":"development","level":"info","message":"Initializing Express application","timestamp":"2025-03-27 11:22:48:2248"}
{"level":"info","message":"Application initialized with async logger","timestamp":"2025-03-27 11:22:48:2248"}
{"level":"info","message":"Starting server initialization","timestamp":"2025-03-27 11:22:48:2248"}
{"level":"info","message":"Connecting to database","timestamp":"2025-03-27 11:22:48:2248"}
{"level":"info","message":"Database connection established successfully","timestamp":"2025-03-27 11:22:48:2248"}
{"environment":"development","level":"info","message":"Initializing Express application","timestamp":"2025-03-27 11:26:15:2615"}
{"level":"info","message":"Application initialized with async logger","timestamp":"2025-03-27 11:26:15:2615"}
{"level":"info","message":"Starting server initialization","timestamp":"2025-03-27 11:26:15:2615"}
{"level":"info","message":"Connecting to database","timestamp":"2025-03-27 11:26:15:2615"}
{"level":"info","message":"Database connection established successfully","timestamp":"2025-03-27 11:26:15:2615"}
{"level":"info","message":"Initializing Redis client","timestamp":"2025-03-27 11:26:15:2615"}
{"level":"info","message":"Redis client initialized successfully","timestamp":"2025-03-27 11:26:15:2615"}
{"apiUrl":"http://localhost:5000","environment":"development","level":"info","message":"Server started successfully","port":"5000","timestamp":"2025-03-27 11:26:15:2615"}
{"environment":"development","level":"info","message":"Initializing Express application","timestamp":"2025-03-27 11:26:15:2615"}
{"level":"info","message":"Application initialized with async logger","timestamp":"2025-03-27 11:26:15:2615"}
{"level":"info","message":"Starting server initialization","timestamp":"2025-03-27 11:26:15:2615"}
{"level":"info","message":"Connecting to database","timestamp":"2025-03-27 11:26:15:2615"}
{"level":"info","message":"Database connection established successfully","timestamp":"2025-03-27 11:26:15:2615"}
{"level":"info","message":"Initializing Redis client","timestamp":"2025-03-27 11:26:15:2615"}
{"level":"info","message":"Redis client initialized successfully","timestamp":"2025-03-27 11:26:15:2615"}
{"level":"warn","message":"Port 5000 is in use, trying another port","timestamp":"2025-03-27 11:26:15:2615"}
{"apiUrl":"http://localhost:5001","environment":"development","level":"info","message":"Server started successfully","port":5001,"timestamp":"2025-03-27 11:26:15:2615"}
{"environment":"development","level":"info","message":"Initializing Express application","timestamp":"2025-03-27 11:27:13:2713"}
{"level":"info","message":"Application initialized with async logger","timestamp":"2025-03-27 11:27:14:2714"}
{"level":"info","message":"Starting server initialization","timestamp":"2025-03-27 11:27:14:2714"}
{"level":"info","message":"Connecting to database","timestamp":"2025-03-27 11:27:14:2714"}
{"environment":"development","level":"info","message":"Initializing Express application","timestamp":"2025-03-27 11:27:14:2714"}
{"level":"info","message":"Application initialized with async logger","timestamp":"2025-03-27 11:27:14:2714"}
{"level":"info","message":"Starting server initialization","timestamp":"2025-03-27 11:27:14:2714"}
{"level":"info","message":"Connecting to database","timestamp":"2025-03-27 11:27:14:2714"}
{"level":"info","message":"Database connection established successfully","timestamp":"2025-03-27 11:27:14:2714"}
{"level":"info","message":"Initializing Redis client","timestamp":"2025-03-27 11:27:14:2714"}
{"level":"info","message":"Redis client initialized successfully","timestamp":"2025-03-27 11:27:14:2714"}
{"apiUrl":"http://localhost:5000","environment":"development","level":"info","message":"Server started successfully","port":"5000","timestamp":"2025-03-27 11:27:14:2714"}
{"level":"info","message":"Database connection established successfully","timestamp":"2025-03-27 11:27:14:2714"}
{"level":"info","message":"Initializing Redis client","timestamp":"2025-03-27 11:27:14:2714"}
{"level":"info","message":"Redis client initialized successfully","timestamp":"2025-03-27 11:27:14:2714"}
{"level":"warn","message":"Port 5000 is in use, trying another port","timestamp":"2025-03-27 11:27:14:2714"}
{"apiUrl":"http://localhost:5001","environment":"development","level":"info","message":"Server started successfully","port":5001,"timestamp":"2025-03-27 11:27:14:2714"}
{"environment":"development","level":"info","message":"Initializing Express application","timestamp":"2025-03-27 11:27:19:2719"}
{"level":"info","message":"Application initialized with async logger","timestamp":"2025-03-27 11:27:19:2719"}
{"level":"info","message":"Starting server initialization","timestamp":"2025-03-27 11:27:19:2719"}
{"level":"info","message":"Connecting to database","timestamp":"2025-03-27 11:27:19:2719"}
{"environment":"development","level":"info","message":"Initializing Express application","timestamp":"2025-03-27 11:27:19:2719"}
{"level":"info","message":"Application initialized with async logger","timestamp":"2025-03-27 11:27:19:2719"}
{"level":"info","message":"Starting server initialization","timestamp":"2025-03-27 11:27:19:2719"}
{"level":"info","message":"Connecting to database","timestamp":"2025-03-27 11:27:19:2719"}
{"level":"info","message":"Database connection established successfully","timestamp":"2025-03-27 11:27:19:2719"}
{"level":"info","message":"Database connection established successfully","timestamp":"2025-03-27 11:27:19:2719"}
{"level":"info","message":"Initializing Redis client","timestamp":"2025-03-27 11:27:19:2719"}
{"level":"info","message":"Redis client initialized successfully","timestamp":"2025-03-27 11:27:19:2719"}
{"apiUrl":"http://localhost:5000","environment":"development","level":"info","message":"Server started successfully","port":"5000","timestamp":"2025-03-27 11:27:19:2719"}
{"level":"info","message":"Initializing Redis client","timestamp":"2025-03-27 11:27:19:2719"}
{"level":"info","message":"Redis client initialized successfully","timestamp":"2025-03-27 11:27:19:2719"}
{"level":"warn","message":"Port 5000 is in use, trying another port","timestamp":"2025-03-27 11:27:20:2720"}
{"apiUrl":"http://localhost:5001","environment":"development","level":"info","message":"Server started successfully","port":5001,"timestamp":"2025-03-27 11:27:20:2720"}
{"level":"info","message":"SIGINT received, shutting down gracefully","timestamp":"2025-03-27 11:28:51:2851"}
{"environment":"development","level":"info","message":"Initializing Express application","timestamp":"2025-03-27 11:30:15:3015"}
{"level":"info","message":"Application initialized with async logger","timestamp":"2025-03-27 11:30:16:3016"}
{"level":"info","message":"Starting server initialization","timestamp":"2025-03-27 11:30:16:3016"}
{"level":"info","message":"Connecting to database","timestamp":"2025-03-27 11:30:16:3016"}
{"level":"info","message":"Database connection established successfully","timestamp":"2025-03-27 11:30:16:3016"}
{"level":"info","message":"Initializing Redis client","timestamp":"2025-03-27 11:30:16:3016"}
{"level":"info","message":"Redis client initialized successfully","timestamp":"2025-03-27 11:30:16:3016"}
{"level":"warn","message":"Port 5000 is in use, trying another port","timestamp":"2025-03-27 11:30:16:3016"}
{"apiUrl":"http://localhost:5001","environment":"development","level":"info","message":"Server started successfully","port":5001,"timestamp":"2025-03-27 11:30:16:3016"}
{"level":"info","message":"SIGINT received, shutting down gracefully","timestamp":"2025-03-27 11:34:23:3423"}
{"environment":"development","level":"info","message":"Initializing Express application","timestamp":"2025-03-27 11:34:48:3448"}
{"level":"info","message":"Application initialized with async logger","timestamp":"2025-03-27 11:34:48:3448"}
{"level":"info","message":"Starting server initialization","timestamp":"2025-03-27 11:34:48:3448"}
{"level":"info","message":"Connecting to database","timestamp":"2025-03-27 11:34:48:3448"}
{"level":"info","message":"Database connection established successfully","timestamp":"2025-03-27 11:34:48:3448"}
{"level":"info","message":"Initializing Redis client","timestamp":"2025-03-27 11:34:48:3448"}
{"level":"info","message":"Redis client initialized successfully","timestamp":"2025-03-27 11:34:48:3448"}
{"level":"warn","message":"Port 5000 is in use, trying another port","timestamp":"2025-03-27 11:34:48:3448"}
{"apiUrl":"http://localhost:5001","environment":"development","level":"info","message":"Server started successfully","port":5001,"timestamp":"2025-03-27 11:34:48:3448"}
{"environment":"development","level":"info","message":"Initializing Express application","timestamp":"2025-03-27 12:21:31:2131"}
{"level":"info","message":"Application initialized with async logger","timestamp":"2025-03-27 12:21:31:2131"}
{"level":"info","message":"Starting server initialization","timestamp":"2025-03-27 12:21:31:2131"}
{"level":"info","message":"Connecting to database","timestamp":"2025-03-27 12:21:31:2131"}
{"environment":"development","level":"info","message":"Initializing Express application","timestamp":"2025-03-27 12:21:31:2131"}
{"level":"info","message":"Application initialized with async logger","timestamp":"2025-03-27 12:21:31:2131"}
{"level":"info","message":"Starting server initialization","timestamp":"2025-03-27 12:21:31:2131"}
{"level":"info","message":"Connecting to database","timestamp":"2025-03-27 12:21:31:2131"}
{"level":"info","message":"Database connection established successfully","timestamp":"2025-03-27 12:21:31:2131"}
{"level":"info","message":"Initializing Redis client","timestamp":"2025-03-27 12:21:31:2131"}
{"level":"info","message":"Redis client initialized successfully","timestamp":"2025-03-27 12:21:31:2131"}
{"apiUrl":"http://localhost:5000","environment":"development","level":"info","message":"Server started successfully","port":"5000","timestamp":"2025-03-27 12:21:31:2131"}
{"level":"info","message":"Database connection established successfully","timestamp":"2025-03-27 12:21:31:2131"}
{"level":"info","message":"Initializing Redis client","timestamp":"2025-03-27 12:21:31:2131"}
{"level":"info","message":"Redis client initialized successfully","timestamp":"2025-03-27 12:21:31:2131"}
{"level":"warn","message":"Port 5000 is in use, trying another port","timestamp":"2025-03-27 12:21:31:2131"}
{"apiUrl":"http://localhost:5001","environment":"development","level":"info","message":"Server started successfully","port":5001,"timestamp":"2025-03-27 12:21:31:2131"}
{"environment":"development","level":"info","message":"Initializing Express application","timestamp":"2025-03-27 12:21:35:2135"}
{"level":"info","message":"Application initialized with async logger","timestamp":"2025-03-27 12:21:35:2135"}
{"level":"info","message":"Starting server initialization","timestamp":"2025-03-27 12:21:35:2135"}
{"level":"info","message":"Connecting to database","timestamp":"2025-03-27 12:21:35:2135"}
{"level":"info","message":"Database connection established successfully","timestamp":"2025-03-27 12:21:35:2135"}
{"level":"info","message":"Initializing Redis client","timestamp":"2025-03-27 12:21:35:2135"}
{"level":"info","message":"Redis client initialized successfully","timestamp":"2025-03-27 12:21:35:2135"}
{"apiUrl":"http://localhost:5000","environment":"development","level":"info","message":"Server started successfully","port":"5000","timestamp":"2025-03-27 12:21:35:2135"}
{"environment":"development","level":"info","message":"Initializing Express application","timestamp":"2025-03-27 12:21:35:2135"}
{"level":"info","message":"Application initialized with async logger","timestamp":"2025-03-27 12:21:35:2135"}
{"level":"info","message":"Starting server initialization","timestamp":"2025-03-27 12:21:35:2135"}
{"level":"info","message":"Connecting to database","timestamp":"2025-03-27 12:21:35:2135"}
{"level":"info","message":"Database connection established successfully","timestamp":"2025-03-27 12:21:35:2135"}
{"level":"info","message":"Initializing Redis client","timestamp":"2025-03-27 12:21:35:2135"}
{"level":"info","message":"Redis client initialized successfully","timestamp":"2025-03-27 12:21:35:2135"}
{"level":"warn","message":"Port 5000 is in use, trying another port","timestamp":"2025-03-27 12:21:35:2135"}
{"apiUrl":"http://localhost:5001","environment":"development","level":"info","message":"Server started successfully","port":5001,"timestamp":"2025-03-27 12:21:35:2135"}
{"environment":"development","level":"info","message":"Initializing Express application","timestamp":"2025-03-27 12:21:38:2138"}
{"level":"info","message":"Application initialized with async logger","timestamp":"2025-03-27 12:21:38:2138"}
{"level":"info","message":"Starting server initialization","timestamp":"2025-03-27 12:21:38:2138"}
{"level":"info","message":"Connecting to database","timestamp":"2025-03-27 12:21:38:2138"}
{"environment":"development","level":"info","message":"Initializing Express application","timestamp":"2025-03-27 12:21:38:2138"}
{"level":"info","message":"Application initialized with async logger","timestamp":"2025-03-27 12:21:38:2138"}
{"level":"info","message":"Starting server initialization","timestamp":"2025-03-27 12:21:38:2138"}
{"level":"info","message":"Connecting to database","timestamp":"2025-03-27 12:21:38:2138"}
{"level":"info","message":"Database connection established successfully","timestamp":"2025-03-27 12:21:38:2138"}
{"level":"info","message":"Initializing Redis client","timestamp":"2025-03-27 12:21:38:2138"}
{"level":"info","message":"Redis client initialized successfully","timestamp":"2025-03-27 12:21:38:2138"}
{"apiUrl":"http://localhost:5000","environment":"development","level":"info","message":"Server started successfully","port":"5000","timestamp":"2025-03-27 12:21:38:2138"}
{"level":"info","message":"Database connection established successfully","timestamp":"2025-03-27 12:21:38:2138"}
{"level":"info","message":"Initializing Redis client","timestamp":"2025-03-27 12:21:38:2138"}
{"level":"info","message":"Redis client initialized successfully","timestamp":"2025-03-27 12:21:38:2138"}
{"level":"warn","message":"Port 5000 is in use, trying another port","timestamp":"2025-03-27 12:21:38:2138"}
{"apiUrl":"http://localhost:5001","environment":"development","level":"info","message":"Server started successfully","port":5001,"timestamp":"2025-03-27 12:21:38:2138"}
